<?xml version="1.0" encoding="UTF-8"?>
<testng-results skipped="0" failed="0" ignored="1" total="2" passed="1">
  <reporter-output>
  </reporter-output>
  <suite name="Default suite" duration-ms="18323" started-at="2020-02-10T13:36:55Z" finished-at="2020-02-10T13:37:13Z">
    <groups>
    </groups>
    <test name="Default test" duration-ms="18323" started-at="2020-02-10T13:36:55Z" finished-at="2020-02-10T13:37:13Z">
      <class name="br.com.rsinet.hub_tdd.testes.ConsultarProdutoLupa">
        <test-method status="PASS" signature="setConfigReport()[pri:0, instance:br.com.rsinet.hub_tdd.testes.ConsultarProdutoLupa@72057ecf]" name="setConfigReport" is-config="true" duration-ms="139" started-at="2020-02-10T11:36:55Z" finished-at="2020-02-10T11:36:55Z">
          <reporter-output>
          </reporter-output>
        </test-method> <!-- setConfigReport -->
        <test-method status="PASS" signature="setUp()[pri:0, instance:br.com.rsinet.hub_tdd.testes.ConsultarProdutoLupa@72057ecf]" name="setUp" is-config="true" duration-ms="7869" started-at="2020-02-10T11:36:55Z" finished-at="2020-02-10T11:37:03Z">
          <reporter-output>
          </reporter-output>
        </test-method> <!-- setUp -->
        <test-method status="PASS" signature="pesquisaProdutoCampo()[pri:0, instance:br.com.rsinet.hub_tdd.testes.ConsultarProdutoLupa@72057ecf]" name="pesquisaProdutoCampo" duration-ms="8865" started-at="2020-02-10T11:37:03Z" finished-at="2020-02-10T11:37:12Z">
          <reporter-output>
          </reporter-output>
        </test-method> <!-- pesquisaProdutoCampo -->
        <test-method status="PASS" signature="finaliza(org.testng.ITestResult)[pri:0, instance:br.com.rsinet.hub_tdd.testes.ConsultarProdutoLupa@72057ecf]" name="finaliza" is-config="true" duration-ms="1080" started-at="2020-02-10T11:37:12Z" finished-at="2020-02-10T11:37:13Z">
          <params>
            <param index="0">
              <value>
                <![CDATA[[TestResult name=pesquisaProdutoCampo status=SUCCESS method=ConsultarProdutoLupa.pesquisaProdutoCampo()[pri:0, instance:br.com.rsinet.hub_tdd.testes.ConsultarProdutoLupa@72057ecf] output={null}]]]>
              </value>
            </param>
          </params>
          <reporter-output>
          </reporter-output>
        </test-method> <!-- finaliza -->
        <test-method status="PASS" signature="finalizaReport()[pri:0, instance:br.com.rsinet.hub_tdd.testes.ConsultarProdutoLupa@72057ecf]" name="finalizaReport" is-config="true" duration-ms="359" started-at="2020-02-10T11:37:13Z" finished-at="2020-02-10T11:37:13Z">
          <reporter-output>
          </reporter-output>
        </test-method> <!-- finalizaReport -->
      </class> <!-- br.com.rsinet.hub_tdd.testes.ConsultarProdutoLupa -->
    </test> <!-- Default test -->
  </suite> <!-- Default suite -->
</testng-results>
