<?xml version="1.0" encoding="UTF-8"?>
<testng-results skipped="0" failed="0" ignored="0" total="2" passed="2">
  <reporter-output>
  </reporter-output>
  <suite name="Default suite" duration-ms="28795" started-at="2020-02-06T12:26:59Z" finished-at="2020-02-06T12:27:28Z">
    <groups>
    </groups>
    <test name="Default test" duration-ms="28795" started-at="2020-02-06T12:26:59Z" finished-at="2020-02-06T12:27:28Z">
      <class name="br.com.rsinet.hub_tdd.testes.ConsultaProdutoLupa">
        <test-method status="PASS" signature="setUp()[pri:0, instance:br.com.rsinet.hub_tdd.testes.ConsultaProdutoLupa@7714e963]" name="setUp" is-config="true" duration-ms="7778" started-at="2020-02-06T10:26:59Z" finished-at="2020-02-06T10:27:07Z">
          <reporter-output>
          </reporter-output>
        </test-method> <!-- setUp -->
        <test-method status="PASS" signature="pesquisaProdutoCampo()[pri:0, instance:br.com.rsinet.hub_tdd.testes.ConsultaProdutoLupa@7714e963]" name="pesquisaProdutoCampo" duration-ms="6209" started-at="2020-02-06T10:27:07Z" finished-at="2020-02-06T10:27:13Z">
          <reporter-output>
          </reporter-output>
        </test-method> <!-- pesquisaProdutoCampo -->
        <test-method status="PASS" signature="finaliza(org.testng.ITestResult)[pri:0, instance:br.com.rsinet.hub_tdd.testes.ConsultaProdutoLupa@7714e963]" name="finaliza" is-config="true" duration-ms="779" started-at="2020-02-06T10:27:13Z" finished-at="2020-02-06T10:27:14Z">
          <params>
            <param index="0">
              <value>
                <![CDATA[[TestResult name=pesquisaProdutoCampo status=SUCCESS method=ConsultaProdutoLupa.pesquisaProdutoCampo()[pri:0, instance:br.com.rsinet.hub_tdd.testes.ConsultaProdutoLupa@7714e963] output={null}]]]>
              </value>
            </param>
          </params>
          <reporter-output>
          </reporter-output>
        </test-method> <!-- finaliza -->
        <test-method status="PASS" signature="setUp()[pri:0, instance:br.com.rsinet.hub_tdd.testes.ConsultaProdutoLupa@7714e963]" name="setUp" is-config="true" duration-ms="8320" started-at="2020-02-06T10:27:14Z" finished-at="2020-02-06T10:27:22Z">
          <reporter-output>
          </reporter-output>
        </test-method> <!-- setUp -->
        <test-method status="PASS" signature="pesquisarProdutoInexistente()[pri:0, instance:br.com.rsinet.hub_tdd.testes.ConsultaProdutoLupa@7714e963]" name="pesquisarProdutoInexistente" duration-ms="4907" started-at="2020-02-06T10:27:22Z" finished-at="2020-02-06T10:27:27Z">
          <reporter-output>
          </reporter-output>
        </test-method> <!-- pesquisarProdutoInexistente -->
        <test-method status="PASS" signature="finaliza(org.testng.ITestResult)[pri:0, instance:br.com.rsinet.hub_tdd.testes.ConsultaProdutoLupa@7714e963]" name="finaliza" is-config="true" duration-ms="781" started-at="2020-02-06T10:27:27Z" finished-at="2020-02-06T10:27:28Z">
          <params>
            <param index="0">
              <value>
                <![CDATA[[TestResult name=pesquisarProdutoInexistente status=SUCCESS method=ConsultaProdutoLupa.pesquisarProdutoInexistente()[pri:0, instance:br.com.rsinet.hub_tdd.testes.ConsultaProdutoLupa@7714e963] output={null}]]]>
              </value>
            </param>
          </params>
          <reporter-output>
          </reporter-output>
        </test-method> <!-- finaliza -->
      </class> <!-- br.com.rsinet.hub_tdd.testes.ConsultaProdutoLupa -->
    </test> <!-- Default test -->
  </suite> <!-- Default suite -->
</testng-results>
