<?xml version="1.0" encoding="UTF-8"?>
<!-- Generated by org.testng.reporters.JUnitXMLReporter -->
<testsuite hostname="RSI1569" ignored="0" name="Automacao utilizando TDD" tests="6" failures="0" timestamp="10 Feb 2020 13:59:03 GMT" time="148.298" errors="0">
  <testcase name="deveCadastrarUmUsuario" time="37.798" classname="br.com.rsinet.hub_tdd.testes.TesteFormulario"/>
  <testcase name="validarBotaoRegistrarDesabilitadoSemDadosPreenchidos" time="9.987" classname="br.com.rsinet.hub_tdd.testes.TesteFormulario"/>
  <testcase name="pesquisaProdutoTela" time="5.085" classname="br.com.rsinet.hub_tdd.testes.ConsultarProdutoHome"/>
  <testcase name="validandoQuantidadeErrada" time="21.089" classname="br.com.rsinet.hub_tdd.testes.ConsultarProdutoHome"/>
  <testcase name="pesquisaProdutoCampo" time="8.865" classname="br.com.rsinet.hub_tdd.testes.ConsultarProdutoLupa"/>
  <testcase name="pesquisarProdutoInexistente" time="5.107" classname="br.com.rsinet.hub_tdd.testes.ConsultarProdutoLupa"/>
</testsuite> <!-- Automacao utilizando TDD -->
