<?xml version="1.0" encoding="UTF-8"?>
<!-- Generated by org.testng.reporters.JUnitXMLReporter -->
<testsuite hostname="RSI1569" ignored="0" name="Default test" tests="2" failures="0" timestamp="05 Feb 2020 16:39:12 GMT" time="64.747" errors="0">
  <testcase name="deveCadastrarUmUsuario" time="37.109" classname="br.com.rsinet.hub_tdd.testes.TesteFormulario"/>
  <testcase name="validarBotaoRegistrarDesabilitadoSemDadosPreenchidos" time="9.912" classname="br.com.rsinet.hub_tdd.testes.TesteFormulario"/>
</testsuite> <!-- Default test -->
