<?xml version="1.0" encoding="UTF-8"?>
<!-- Generated by org.testng.reporters.JUnitXMLReporter -->
<testsuite hostname="RSI1569" ignored="1" name="Default test" tests="1" failures="0" timestamp="12 Feb 2020 21:21:45 GMT" time="17.473" errors="0">
  <testcase name="pesquisarProdutoInexistente" time="4.585" classname="br.com.rsinet.hub_tdd.testes.ConsultarProdutoLupa"/>
  <testcase name="pesquisaProdutoCampo" time="0.0" classname="br.com.rsinet.hub_tdd.testes.ConsultarProdutoLupa">
    <ignored/>
  </testcase> <!-- pesquisaProdutoCampo -->
</testsuite> <!-- Default test -->
